This is pdfTeX, Version 3.1415926-1.40.11 (MiKTeX 2.9) (preloaded format=pdflatex 2014.4.29)  29 APR 2014 16:22
entering extended mode
**map.tex
(D:\Data\data_FADNPanelAnalysis\code_R\map.tex
LaTeX2e <2009/09/24>
Babel <v3.8l> and hyphenation patterns for english, afrikaans, ancientgreek, ar
abic, armenian, assamese, basque, bengali, bokmal, bulgarian, catalan, coptic, 
croatian, czech, danish, dutch, esperanto, estonian, farsi, finnish, french, ga
lician, german, german-x-2009-06-19, greek, gujarati, hindi, hungarian, iceland
ic, indonesian, interlingua, irish, italian, kannada, kurmanji, lao, latin, lat
vian, lithuanian, malayalam, marathi, mongolian, mongolianlmc, monogreek, ngerm
an, ngerman-x-2009-06-19, nynorsk, oriya, panjabi, pinyin, polish, portuguese, 
romanian, russian, sanskrit, serbian, slovak, slovenian, spanish, swedish, swis
sgerman, tamil, telugu, turkish, turkmen, ukenglish, ukrainian, uppersorbian, u
senglishmax, welsh, loaded.
("C:\Program Files\MiKTeX 2.9\tex\latex\base\article.cls"
Document Class: article 2007/10/19 v1.4h Standard LaTeX document class
("C:\Program Files\MiKTeX 2.9\tex\latex\base\size10.clo"
File: size10.clo 2007/10/19 v1.4h Standard LaTeX file (size option)
)
\c@part=\count79
\c@section=\count80
\c@subsection=\count81
\c@subsubsection=\count82
\c@paragraph=\count83
\c@subparagraph=\count84
\c@figure=\count85
\c@table=\count86
\abovecaptionskip=\skip41
\belowcaptionskip=\skip42
\bibindent=\dimen102
)
("C:\Program Files\MiKTeX 2.9\tex\latex\graphics\graphicx.sty"
Package: graphicx 1999/02/16 v1.0f Enhanced LaTeX Graphics (DPC,SPQR)

("C:\Program Files\MiKTeX 2.9\tex\latex\graphics\keyval.sty"
Package: keyval 1999/03/16 v1.13 key=value parser (DPC)
\KV@toks@=\toks14
)
("C:\Program Files\MiKTeX 2.9\tex\latex\graphics\graphics.sty"
Package: graphics 2009/02/05 v1.0o Standard LaTeX Graphics (DPC,SPQR)

("C:\Program Files\MiKTeX 2.9\tex\latex\graphics\trig.sty"
Package: trig 1999/03/16 v1.09 sin cos tan (DPC)
)
("C:\Program Files\MiKTeX 2.9\tex\latex\00miktex\graphics.cfg"
File: graphics.cfg 2007/01/18 v1.5 graphics configuration of teTeX/TeXLive
)
Package graphics Info: Driver file: pdftex.def on input line 91.

("C:\Program Files\MiKTeX 2.9\tex\latex\pdftex-def\pdftex.def"
File: pdftex.def 2010/09/14 v0.05b Graphics/color for pdfTeX
\Gread@gobject=\count87
))
\Gin@req@height=\dimen103
\Gin@req@width=\dimen104
)
("C:\Program Files\MiKTeX 2.9\tex\latex\graphics\color.sty"
Package: color 2005/11/14 v1.0j Standard LaTeX Color (DPC)

("C:\Program Files\MiKTeX 2.9\tex\latex\00miktex\color.cfg"
File: color.cfg 2007/01/18 v1.5 color configuration of teTeX/TeXLive
)
Package color Info: Driver file: pdftex.def on input line 130.
)
(C:\Users\Patrick.Gillespie\AppData\Roaming\MiKTeX\2.9\tex\latex\framed\framed.
sty
Package: framed 2011/10/22 v 0.96: framed or shaded text with page breaks
\OuterFrameSep=\skip43
\fb@frw=\dimen105
\fb@frh=\dimen106
\FrameRule=\dimen107
\FrameSep=\dimen108
) ("C:\Program Files\MiKTeX 2.9\tex\latex\base\alltt.sty"
Package: alltt 1997/06/16 v2.0g defines alltt environment
)
("C:\Program Files\MiKTeX 2.9\tex\latex\geometry\geometry.sty"
Package: geometry 2010/09/12 v5.6 Page Geometry

("C:\Program Files\MiKTeX 2.9\tex\generic\oberdiek\ifpdf.sty"
Package: ifpdf 2010/01/28 v2.1 Provides the ifpdf switch (HO)
Package ifpdf Info: pdfTeX in pdf mode detected.
)
("C:\Program Files\MiKTeX 2.9\tex\generic\oberdiek\ifvtex.sty"
Package: ifvtex 2010/03/01 v1.5 Switches for detecting VTeX and its modes (HO)
Package ifvtex Info: VTeX not detected.
)
("C:\Program Files\MiKTeX 2.9\tex\generic\ifxetex\ifxetex.sty"
Package: ifxetex 2010/09/12 v0.6 Provides ifxetex conditional
)
\Gm@cnth=\count88
\Gm@cntv=\count89
\c@Gm@tempcnt=\count90
\Gm@bindingoffset=\dimen109
\Gm@wd@mp=\dimen110
\Gm@odd@mp=\dimen111
\Gm@even@mp=\dimen112
\Gm@layoutwidth=\dimen113
\Gm@layoutheight=\dimen114
\Gm@layouthoffset=\dimen115
\Gm@layoutvoffset=\dimen116
\Gm@dimlist=\toks15

("C:\Program Files\MiKTeX 2.9\tex\latex\geometry\geometry.cfg"))
(C:\Users\Patrick.Gillespie\AppData\Roaming\MiKTeX\2.9\tex\latex\datetime\datet
ime.sty
Package: datetime 2013/09/10 v2.59 Date Time Package

(C:\Users\Patrick.Gillespie\AppData\Roaming\MiKTeX\2.9\tex\latex\etoolbox\etool
box.sty
Package: etoolbox 2011/01/03 v2.1 e-TeX tools for LaTeX
 ("C:\Program Files\MiKTeX 2.9\tex\latex\misc\etex.sty"
Package: etex 1998/03/26 v2.0 eTeX basic definition package (PEB)
\et@xins=\count91
)
\etb@tempcnta=\count92
)
(C:\Users\Patrick.Gillespie\AppData\Roaming\MiKTeX\2.9\tex\latex\fmtcount\fmtco
unt.sty
Package: fmtcount 2013/08/17 v2.03
 ("C:\Program Files\MiKTeX 2.9\tex\latex\base\ifthen.sty"
Package: ifthen 2001/05/26 v1.1c Standard LaTeX ifthen package (DPC)
)
(C:\Users\Patrick.Gillespie\AppData\Roaming\MiKTeX\2.9\tex\latex\fmtcount\fcpre
fix.sty
Package: fcprefix 2012/09/28

(C:\Users\Patrick.Gillespie\AppData\Roaming\MiKTeX\2.9\tex\latex\fmtcount\fcnum
parser.sty
Package: fcnumparser 2012/09/28
\fc@digit@counter=\count93
)) ("C:\Program Files\MiKTeX 2.9\tex\latex\ams\math\amsgen.sty"
File: amsgen.sty 1999/11/30 v2.0
\@emptytoks=\toks16
\ex@=\dimen117
)
\c@padzeroesN=\count94
\fc@tmpcatcode=\count95
\@DT@modctr=\count96
\@ordinalctr=\count97
\@orgargctr=\count98
\@strctr=\count99
\@tmpstrctr=\count100
\@DT@loopN=\count101
\@DT@X=\count102

(C:\Users\Patrick.Gillespie\AppData\Roaming\MiKTeX\2.9\tex\latex\fmtcount\fc-en
glish.def
File: fc-english.def 2013/08/17
))
(C:\Users\Patrick.Gillespie\AppData\Roaming\MiKTeX\2.9\tex\latex\datetime\datet
ime-defaults.sty
Package: datetime-defaults 2013/09/10
)
\@day=\count103
\@month=\count104
\@year=\count105
\c@HOUR=\count106
\c@HOURXII=\count107
\c@MINUTE=\count108
\c@TOHOUR=\count109
\c@TOMINUTE=\count110
\c@SECOND=\count111
\currenthour=\count112
\currentminute=\count113
\currentsecond=\count114
Package datetime Info: No datetime.cfg file found, using default settings on in
put line 308.
\@dtctr=\count115
\dayofyear=\count116
\dayofweek=\count117
LaTeX Info: Redefining \today on input line 736.
\dt@a=\toks17
\dt@b=\toks18
)
(C:\Users\Patrick.Gillespie\AppData\Roaming\MiKTeX\2.9\tex\latex\upquote\upquot
e.sty
Package: upquote 2012/04/19 v1.3 upright-quote and grave-accent glyphs in verba
tim
) (D:\Data\data_FADNPanelAnalysis\code_R\map.aux)
LaTeX Font Info:    Checking defaults for OML/cmm/m/it on input line 54.
LaTeX Font Info:    ... okay on input line 54.
LaTeX Font Info:    Checking defaults for T1/cmr/m/n on input line 54.
LaTeX Font Info:    ... okay on input line 54.
LaTeX Font Info:    Checking defaults for OT1/cmr/m/n on input line 54.
LaTeX Font Info:    ... okay on input line 54.
LaTeX Font Info:    Checking defaults for OMS/cmsy/m/n on input line 54.
LaTeX Font Info:    ... okay on input line 54.
LaTeX Font Info:    Checking defaults for OMX/cmex/m/n on input line 54.
LaTeX Font Info:    ... okay on input line 54.
LaTeX Font Info:    Checking defaults for U/cmr/m/n on input line 54.
LaTeX Font Info:    ... okay on input line 54.

(C:\Users\Patrick.Gillespie\AppData\Roaming\MiKTeX\2.9\tex\context\base\supp-pd
f.mkii
[Loading MPS to PDF converter (version 2006.09.02).]
\scratchcounter=\count118
\scratchdimen=\dimen118
\scratchbox=\box26
\nofMPsegments=\count119
\nofMParguments=\count120
\everyMPshowfont=\toks19
\MPscratchCnt=\count121
\MPscratchDim=\dimen119
\MPnumerator=\count122
\makeMPintoPDFobject=\count123
\everyMPtoPDFconversion=\toks20
)
*geometry* driver: auto-detecting
*geometry* detected driver: pdftex
*geometry* verbose mode - [ preamble ] result:
* driver: pdftex
* paper: <default>
* layout: <same size as paper>
* layoutoffset:(h,v)=(0.0pt,0.0pt)
* modes: 
* h-part:(L,W,R)=(36.135pt, 542.02501pt, 36.135pt)
* v-part:(T,H,B)=(36.135pt, 722.7pt, 36.135pt)
* \paperwidth=614.295pt
* \paperheight=794.96999pt
* \textwidth=542.02501pt
* \textheight=722.7pt
* \oddsidemargin=-36.135pt
* \evensidemargin=-36.135pt
* \topmargin=-73.135pt
* \headheight=12.0pt
* \headsep=25.0pt
* \topskip=10.0pt
* \footskip=30.0pt
* \marginparwidth=65.0pt
* \marginparsep=11.0pt
* \columnsep=10.0pt
* \skip\footins=9.0pt plus 4.0pt minus 2.0pt
* \hoffset=0.0pt
* \voffset=0.0pt
* \mag=1000
* \@twocolumnfalse
* \@twosidefalse
* \@mparswitchfalse
* \@reversemarginfalse
* (1in=72.27pt=25.4mm, 1cm=28.453pt)

! Undefined control sequence.
l.55 \SweaveOpts
                {concordance=TRUE}
The control sequence at the end of the top line
of your error message was never \def'ed. If you have
misspelled it (e.g., `\hobx'), type `I' and the correct
spelling (e.g., `I\hbox'). Otherwise just continue,
and I'll forget about whatever was undefined.

LaTeX Font Info:    External font `cmex10' loaded for size
(Font)              <7> on input line 71.
LaTeX Font Info:    External font `cmex10' loaded for size
(Font)              <5> on input line 71.
LaTeX Font Info:    Try loading font information for OMS+cmr on input line 112.

("C:\Program Files\MiKTeX 2.9\tex\latex\base\omscmr.fd"
File: omscmr.fd 1999/05/25 v2.5h Standard LaTeX font definitions
)
LaTeX Font Info:    Font shape `OMS/cmr/m/n' in size <10> not available
(Font)              Font shape `OMS/cmsy/m/n' tried instead on input line 112.
 [1

{C:/Users/Patrick.Gillespie/AppData/Local/MiKTeX/2.9/pdftex/config/pdftex.map}]
LaTeX Font Info:    Font shape `OT1/cmtt/bx/n' in size <10> not available
(Font)              Font shape `OT1/cmtt/m/n' tried instead on input line 438.
 [2] [3] [4]
[5] [6] (D:\Data\data_FADNPanelAnalysis\code_R\map.aux) ) 
Here is how much of TeX's memory you used:
 2642 strings out of 494019
 36147 string characters out of 3146462
 108975 words of memory out of 3000000
 5901 multiletter control sequences out of 15000+200000
 4462 words of font info for 17 fonts, out of 3000000 for 9000
 714 hyphenation exceptions out of 8191
 35i,5n,32p,1036b,300s stack positions out of 5000i,500n,10000p,200000b,50000s
<C:/Program Files/MiKT
eX 2.9/fonts/type1/public/amsfonts/cm/cmbx10.pfb><C:/Program Files/MiKTeX 2.9/f
onts/type1/public/amsfonts/cm/cmr10.pfb><C:/Program Files/MiKTeX 2.9/fonts/type
1/public/amsfonts/cm/cmr7.pfb><C:/Program Files/MiKTeX 2.9/fonts/type1/public/a
msfonts/cm/cmsy10.pfb><C:/Program Files/MiKTeX 2.9/fonts/type1/public/amsfonts/
cm/cmti10.pfb><C:/Program Files/MiKTeX 2.9/fonts/type1/public/amsfonts/cm/cmtt1
0.pfb>
Output written on map.pdf (6 pages, 81125 bytes).
PDF statistics:
 45 PDF objects out of 1000 (max. 8388607)
 0 named destinations out of 1000 (max. 500000)
 1 words of extra memory for PDF output out of 10000 (max. 10000000)

